2023-07-07T00:00:02.458-03:00  INFO 1084 --- [http-nio-8080-exec-8] c.g.o.c.StockMovementController          : getAllStockMovement() - start
2023-07-07T00:00:02.485-03:00  INFO 1084 --- [http-nio-8080-exec-8] c.g.o.c.StockMovementController          : getAllStockMovement() - end
2023-07-07T00:01:05.285-03:00  INFO 1084 --- [SpringApplicationShutdownHook] j.LocalContainerEntityManagerFactoryBean : Closing JPA EntityManagerFactory for persistence unit 'default'
2023-07-07T00:01:05.315-03:00  INFO 1084 --- [SpringApplicationShutdownHook] com.zaxxer.hikari.HikariDataSource       : HikariPool-1 - Shutdown initiated...
2023-07-07T00:01:05.364-03:00  INFO 1084 --- [SpringApplicationShutdownHook] com.zaxxer.hikari.HikariDataSource       : HikariPool-1 - Shutdown completed.
2023-07-07T00:01:20.474-03:00  INFO 4248 --- [restartedMain] c.g.o.OrderManagerApplication            : Starting OrderManagerApplication using Java 20.0.1 with PID 4248 (C:\Users\User\Documents\order-manager\target\classes started by User in C:\Users\User\Documents\order-manager)
2023-07-07T00:01:20.483-03:00  INFO 4248 --- [restartedMain] c.g.o.OrderManagerApplication            : No active profile set, falling back to 1 default profile: "default"
2023-07-07T00:01:20.663-03:00  INFO 4248 --- [restartedMain] .e.DevToolsPropertyDefaultsPostProcessor : Devtools property defaults active! Set 'spring.devtools.add-properties' to 'false' to disable
2023-07-07T00:01:20.663-03:00  INFO 4248 --- [restartedMain] .e.DevToolsPropertyDefaultsPostProcessor : For additional web related logging consider setting the 'logging.level.web' property to 'DEBUG'
2023-07-07T00:01:24.970-03:00  INFO 4248 --- [restartedMain] .s.d.r.c.RepositoryConfigurationDelegate : Bootstrapping Spring Data JPA repositories in DEFAULT mode.
2023-07-07T00:01:25.326-03:00  INFO 4248 --- [restartedMain] .s.d.r.c.RepositoryConfigurationDelegate : Finished Spring Data repository scanning in 331 ms. Found 5 JPA repository interfaces.
2023-07-07T00:01:28.540-03:00  INFO 4248 --- [restartedMain] o.s.b.w.embedded.tomcat.TomcatWebServer  : Tomcat initialized with port(s): 8080 (http)
2023-07-07T00:01:28.599-03:00  INFO 4248 --- [restartedMain] o.apache.catalina.core.StandardService   : Starting service [Tomcat]
2023-07-07T00:01:28.599-03:00  INFO 4248 --- [restartedMain] o.apache.catalina.core.StandardEngine    : Starting Servlet engine: [Apache Tomcat/10.1.10]
2023-07-07T00:01:28.924-03:00  INFO 4248 --- [restartedMain] o.a.c.c.C.[Tomcat].[localhost].[/]       : Initializing Spring embedded WebApplicationContext
2023-07-07T00:01:28.925-03:00  INFO 4248 --- [restartedMain] w.s.c.ServletWebServerApplicationContext : Root WebApplicationContext: initialization completed in 8261 ms
2023-07-07T00:01:29.771-03:00  INFO 4248 --- [restartedMain] o.f.c.internal.license.VersionPrinter    : Flyway Community Edition 9.16.3 by Redgate
2023-07-07T00:01:29.772-03:00  INFO 4248 --- [restartedMain] o.f.c.internal.license.VersionPrinter    : See release notes here: https://rd.gt/416ObMi
2023-07-07T00:01:29.772-03:00  INFO 4248 --- [restartedMain] o.f.c.internal.license.VersionPrinter    : 
2023-07-07T00:01:29.803-03:00  INFO 4248 --- [restartedMain] com.zaxxer.hikari.HikariDataSource       : HikariPool-1 - Starting...
2023-07-07T00:01:30.758-03:00  INFO 4248 --- [restartedMain] com.zaxxer.hikari.pool.HikariPool        : HikariPool-1 - Added connection org.postgresql.jdbc.PgConnection@33090aa0
2023-07-07T00:01:30.765-03:00  INFO 4248 --- [restartedMain] com.zaxxer.hikari.HikariDataSource       : HikariPool-1 - Start completed.
2023-07-07T00:01:30.819-03:00  INFO 4248 --- [restartedMain] o.f.c.i.database.base.BaseDatabaseType   : Database: jdbc:postgresql://localhost:5432/order-manager (PostgreSQL 15.3)
2023-07-07T00:01:30.978-03:00  INFO 4248 --- [restartedMain] o.f.core.internal.command.DbValidate     : Successfully validated 1 migration (execution time 00:00.091s)
2023-07-07T00:01:31.210-03:00  INFO 4248 --- [restartedMain] o.f.core.internal.command.DbMigrate      : Current version of schema "public": 1
2023-07-07T00:01:31.219-03:00  INFO 4248 --- [restartedMain] o.f.core.internal.command.DbMigrate      : Schema "public" is up to date. No migration necessary.
2023-07-07T00:01:31.748-03:00  INFO 4248 --- [restartedMain] o.hibernate.jpa.internal.util.LogHelper  : HHH000204: Processing PersistenceUnitInfo [name: default]
2023-07-07T00:01:32.064-03:00  INFO 4248 --- [restartedMain] org.hibernate.Version                    : HHH000412: Hibernate ORM core version 6.2.5.Final
2023-07-07T00:01:32.071-03:00  INFO 4248 --- [restartedMain] org.hibernate.cfg.Environment            : HHH000406: Using bytecode reflection optimizer
2023-07-07T00:01:32.899-03:00  INFO 4248 --- [restartedMain] o.h.b.i.BytecodeProviderInitiator        : HHH000021: Bytecode provider name : bytebuddy
2023-07-07T00:01:33.774-03:00  INFO 4248 --- [restartedMain] o.s.o.j.p.SpringPersistenceUnitInfo      : No LoadTimeWeaver setup: ignoring JPA class transformer
2023-07-07T00:01:34.899-03:00  INFO 4248 --- [restartedMain] o.h.b.i.BytecodeProviderInitiator        : HHH000021: Bytecode provider name : bytebuddy
2023-07-07T00:01:37.133-03:00  INFO 4248 --- [restartedMain] o.h.e.t.j.p.i.JtaPlatformInitiator       : HHH000490: Using JtaPlatform implementation: [org.hibernate.engine.transaction.jta.platform.internal.NoJtaPlatform]
2023-07-07T00:01:37.147-03:00  INFO 4248 --- [restartedMain] j.LocalContainerEntityManagerFactoryBean : Initialized JPA EntityManagerFactory for persistence unit 'default'
2023-07-07T00:01:39.431-03:00  WARN 4248 --- [restartedMain] JpaBaseConfiguration$JpaWebConfiguration : spring.jpa.open-in-view is enabled by default. Therefore, database queries may be performed during view rendering. Explicitly configure spring.jpa.open-in-view to disable this warning
2023-07-07T00:01:43.310-03:00  INFO 4248 --- [restartedMain] o.s.b.d.a.OptionalLiveReloadServer       : LiveReload server is running on port 35729
2023-07-07T00:01:43.463-03:00  INFO 4248 --- [restartedMain] o.s.b.w.embedded.tomcat.TomcatWebServer  : Tomcat started on port(s): 8080 (http) with context path ''
2023-07-07T00:01:43.537-03:00  INFO 4248 --- [restartedMain] c.g.o.OrderManagerApplication            : Started OrderManagerApplication in 24.441 seconds (process running for 26.062)
2023-07-07T00:02:19.558-03:00  INFO 4248 --- [http-nio-8080-exec-2] o.a.c.c.C.[Tomcat].[localhost].[/]       : Initializing Spring DispatcherServlet 'dispatcherServlet'
2023-07-07T00:02:19.559-03:00  INFO 4248 --- [http-nio-8080-exec-2] o.s.web.servlet.DispatcherServlet        : Initializing Servlet 'dispatcherServlet'
2023-07-07T00:02:19.562-03:00  INFO 4248 --- [http-nio-8080-exec-2] o.s.web.servlet.DispatcherServlet        : Completed initialization in 3 ms
2023-07-07T00:02:36.793-03:00  INFO 4248 --- [http-nio-8080-exec-2] c.g.ordermanager.service.OrderService    : order null created
2023-07-07T00:02:37.073-03:00  INFO 4248 --- [SpringApplicationShutdownHook] j.LocalContainerEntityManagerFactoryBean : Closing JPA EntityManagerFactory for persistence unit 'default'
2023-07-07T00:03:20.502-03:00  INFO 17144 --- [restartedMain] c.g.o.OrderManagerApplication            : Starting OrderManagerApplication using Java 20.0.1 with PID 17144 (C:\Users\User\Documents\order-manager\target\classes started by User in C:\Users\User\Documents\order-manager)
2023-07-07T00:03:20.508-03:00  INFO 17144 --- [restartedMain] c.g.o.OrderManagerApplication            : No active profile set, falling back to 1 default profile: "default"
2023-07-07T00:03:20.870-03:00  INFO 17144 --- [restartedMain] .e.DevToolsPropertyDefaultsPostProcessor : Devtools property defaults active! Set 'spring.devtools.add-properties' to 'false' to disable
2023-07-07T00:03:20.871-03:00  INFO 17144 --- [restartedMain] .e.DevToolsPropertyDefaultsPostProcessor : For additional web related logging consider setting the 'logging.level.web' property to 'DEBUG'
2023-07-07T00:03:24.696-03:00  INFO 17144 --- [restartedMain] .s.d.r.c.RepositoryConfigurationDelegate : Bootstrapping Spring Data JPA repositories in DEFAULT mode.
2023-07-07T00:03:24.909-03:00  INFO 17144 --- [restartedMain] .s.d.r.c.RepositoryConfigurationDelegate : Finished Spring Data repository scanning in 187 ms. Found 5 JPA repository interfaces.
2023-07-07T00:03:27.826-03:00  INFO 17144 --- [restartedMain] o.s.b.w.embedded.tomcat.TomcatWebServer  : Tomcat initialized with port(s): 8080 (http)
2023-07-07T00:03:27.855-03:00  INFO 17144 --- [restartedMain] o.apache.catalina.core.StandardService   : Starting service [Tomcat]
2023-07-07T00:03:27.856-03:00  INFO 17144 --- [restartedMain] o.apache.catalina.core.StandardEngine    : Starting Servlet engine: [Apache Tomcat/10.1.10]
2023-07-07T00:03:28.132-03:00  INFO 17144 --- [restartedMain] o.a.c.c.C.[Tomcat].[localhost].[/]       : Initializing Spring embedded WebApplicationContext
2023-07-07T00:03:28.133-03:00  INFO 17144 --- [restartedMain] w.s.c.ServletWebServerApplicationContext : Root WebApplicationContext: initialization completed in 7261 ms
2023-07-07T00:03:28.762-03:00  INFO 17144 --- [restartedMain] o.f.c.internal.license.VersionPrinter    : Flyway Community Edition 9.16.3 by Redgate
2023-07-07T00:03:28.763-03:00  INFO 17144 --- [restartedMain] o.f.c.internal.license.VersionPrinter    : See release notes here: https://rd.gt/416ObMi
2023-07-07T00:03:28.763-03:00  INFO 17144 --- [restartedMain] o.f.c.internal.license.VersionPrinter    : 
2023-07-07T00:03:28.810-03:00  INFO 17144 --- [restartedMain] com.zaxxer.hikari.HikariDataSource       : HikariPool-1 - Starting...
2023-07-07T00:03:29.805-03:00  INFO 17144 --- [restartedMain] com.zaxxer.hikari.pool.HikariPool        : HikariPool-1 - Added connection org.postgresql.jdbc.PgConnection@2c44c4a4
2023-07-07T00:03:29.813-03:00  INFO 17144 --- [restartedMain] com.zaxxer.hikari.HikariDataSource       : HikariPool-1 - Start completed.
2023-07-07T00:03:29.885-03:00  INFO 17144 --- [restartedMain] o.f.c.i.database.base.BaseDatabaseType   : Database: jdbc:postgresql://localhost:5432/order-manager (PostgreSQL 15.3)
2023-07-07T00:03:30.000-03:00  INFO 17144 --- [restartedMain] o.f.core.internal.command.DbValidate     : Successfully validated 1 migration (execution time 00:00.067s)
2023-07-07T00:03:30.175-03:00  INFO 17144 --- [restartedMain] o.f.core.internal.command.DbMigrate      : Current version of schema "public": 1
2023-07-07T00:03:30.175-03:00  INFO 17144 --- [restartedMain] o.f.core.internal.command.DbMigrate      : Schema "public" is up to date. No migration necessary.
2023-07-07T00:03:30.549-03:00  INFO 17144 --- [restartedMain] o.hibernate.jpa.internal.util.LogHelper  : HHH000204: Processing PersistenceUnitInfo [name: default]
2023-07-07T00:03:30.749-03:00  INFO 17144 --- [restartedMain] org.hibernate.Version                    : HHH000412: Hibernate ORM core version 6.2.5.Final
2023-07-07T00:03:30.759-03:00  INFO 17144 --- [restartedMain] org.hibernate.cfg.Environment            : HHH000406: Using bytecode reflection optimizer
2023-07-07T00:03:31.332-03:00  INFO 17144 --- [restartedMain] o.h.b.i.BytecodeProviderInitiator        : HHH000021: Bytecode provider name : bytebuddy
2023-07-07T00:03:31.831-03:00  INFO 17144 --- [restartedMain] o.s.o.j.p.SpringPersistenceUnitInfo      : No LoadTimeWeaver setup: ignoring JPA class transformer
2023-07-07T00:03:32.859-03:00  INFO 17144 --- [restartedMain] o.h.b.i.BytecodeProviderInitiator        : HHH000021: Bytecode provider name : bytebuddy
2023-07-07T00:03:34.922-03:00  INFO 17144 --- [restartedMain] o.h.e.t.j.p.i.JtaPlatformInitiator       : HHH000490: Using JtaPlatform implementation: [org.hibernate.engine.transaction.jta.platform.internal.NoJtaPlatform]
2023-07-07T00:03:34.931-03:00  INFO 17144 --- [restartedMain] j.LocalContainerEntityManagerFactoryBean : Initialized JPA EntityManagerFactory for persistence unit 'default'
2023-07-07T00:03:37.864-03:00  WARN 17144 --- [restartedMain] JpaBaseConfiguration$JpaWebConfiguration : spring.jpa.open-in-view is enabled by default. Therefore, database queries may be performed during view rendering. Explicitly configure spring.jpa.open-in-view to disable this warning
2023-07-07T00:03:39.988-03:00  INFO 17144 --- [restartedMain] o.s.b.d.a.OptionalLiveReloadServer       : LiveReload server is running on port 35729
2023-07-07T00:03:40.059-03:00  INFO 17144 --- [restartedMain] o.s.b.w.embedded.tomcat.TomcatWebServer  : Tomcat started on port(s): 8080 (http) with context path ''
2023-07-07T00:03:40.074-03:00  INFO 17144 --- [restartedMain] c.g.o.OrderManagerApplication            : Started OrderManagerApplication in 21.356 seconds (process running for 23.004)
2023-07-07T00:03:42.657-03:00  INFO 17144 --- [http-nio-8080-exec-2] o.a.c.c.C.[Tomcat].[localhost].[/]       : Initializing Spring DispatcherServlet 'dispatcherServlet'
2023-07-07T00:03:42.658-03:00  INFO 17144 --- [http-nio-8080-exec-2] o.s.web.servlet.DispatcherServlet        : Initializing Servlet 'dispatcherServlet'
2023-07-07T00:03:42.661-03:00  INFO 17144 --- [http-nio-8080-exec-2] o.s.web.servlet.DispatcherServlet        : Completed initialization in 2 ms
2023-07-07T00:03:42.731-03:00  INFO 17144 --- [http-nio-8080-exec-2] c.g.o.controller.ItemController          : getAllItens() - start
2023-07-07T00:03:43.165-03:00  INFO 17144 --- [http-nio-8080-exec-2] c.g.o.controller.ItemController          : getAllItens() - end
2023-07-07T00:03:56.457-03:00  INFO 17144 --- [http-nio-8080-exec-3] c.g.o.controller.ItemController          : saveItem() - start: item = item 2
2023-07-07T00:03:56.578-03:00  INFO 17144 --- [http-nio-8080-exec-3] c.g.o.controller.ItemController          : saveItem() - end: newItem = 2
2023-07-07T00:04:30.076-03:00  INFO 17144 --- [http-nio-8080-exec-4] c.g.o.service.StockMovementService       : stock movement 3 created
2023-07-07T00:04:40.284-03:00  INFO 17144 --- [http-nio-8080-exec-5] c.g.o.service.StockMovementService       : stock movement 4 created
2023-07-07T00:05:18.672-03:00  INFO 17144 --- [http-nio-8080-exec-6] c.g.ordermanager.service.OrderService    : there isnt stock for this item
2023-07-07T00:05:18.674-03:00  INFO 17144 --- [http-nio-8080-exec-6] c.g.ordermanager.service.OrderService    : order null created
2023-07-07T00:07:46.647-03:00  WARN 17144 --- [HikariPool-1 housekeeper] com.zaxxer.hikari.pool.HikariPool        : HikariPool-1 - Thread starvation or clock leap detected (housekeeper delta=1m3s391ms475µs900ns).
2023-07-07T00:08:11.981-03:00 ERROR 17144 --- [http-nio-8080-exec-7] c.g.ordermanager.service.OrderService    : error sending email to user: Authentication failed
2023-07-07T00:08:12.017-03:00  INFO 17144 --- [http-nio-8080-exec-7] c.g.ordermanager.service.OrderService    : order null created
2023-07-07T00:09:03.772-03:00  INFO 17144 --- [http-nio-8080-exec-8] c.g.o.controller.OrderController         : getAllOrders() - start
2023-07-07T00:09:03.815-03:00  INFO 17144 --- [http-nio-8080-exec-8] c.g.o.controller.OrderController         : getAllOrders() - end
2023-07-07T00:09:26.925-03:00  INFO 17144 --- [http-nio-8080-exec-9] c.g.o.c.StockMovementController          : getAllStockMovement() - start
2023-07-07T00:09:26.946-03:00  INFO 17144 --- [http-nio-8080-exec-9] c.g.o.c.StockMovementController          : getAllStockMovement() - end
2023-07-07T00:11:03.457-03:00  INFO 17144 --- [http-nio-8080-exec-2] c.g.o.service.StockMovementService       : stock movement 5 created
2023-07-07T00:11:08.287-03:00  INFO 17144 --- [http-nio-8080-exec-3] c.g.o.service.StockMovementService       : stock movement 6 created
2023-07-07T00:12:08.334-03:00  WARN 17144 --- [HikariPool-1 housekeeper] com.zaxxer.hikari.pool.HikariPool        : HikariPool-1 - Thread starvation or clock leap detected (housekeeper delta=51s620ms371µs200ns).
2023-07-07T00:12:34.296-03:00  INFO 32 --- [restartedMain] c.g.o.OrderManagerApplication            : Starting OrderManagerApplication using Java 20.0.1 with PID 32 (C:\Users\User\Documents\order-manager\target\classes started by User in C:\Users\User\Documents\order-manager)
2023-07-07T00:12:34.302-03:00  INFO 32 --- [restartedMain] c.g.o.OrderManagerApplication            : No active profile set, falling back to 1 default profile: "default"
2023-07-07T00:12:34.489-03:00  INFO 32 --- [restartedMain] .e.DevToolsPropertyDefaultsPostProcessor : Devtools property defaults active! Set 'spring.devtools.add-properties' to 'false' to disable
2023-07-07T00:12:34.490-03:00  INFO 32 --- [restartedMain] .e.DevToolsPropertyDefaultsPostProcessor : For additional web related logging consider setting the 'logging.level.web' property to 'DEBUG'
2023-07-07T00:12:37.928-03:00  INFO 32 --- [restartedMain] .s.d.r.c.RepositoryConfigurationDelegate : Bootstrapping Spring Data JPA repositories in DEFAULT mode.
2023-07-07T00:12:38.181-03:00  INFO 32 --- [restartedMain] .s.d.r.c.RepositoryConfigurationDelegate : Finished Spring Data repository scanning in 226 ms. Found 5 JPA repository interfaces.
2023-07-07T00:12:41.080-03:00  INFO 32 --- [restartedMain] o.s.b.w.embedded.tomcat.TomcatWebServer  : Tomcat initialized with port(s): 8080 (http)
2023-07-07T00:12:41.109-03:00  INFO 32 --- [restartedMain] o.apache.catalina.core.StandardService   : Starting service [Tomcat]
2023-07-07T00:12:41.109-03:00  INFO 32 --- [restartedMain] o.apache.catalina.core.StandardEngine    : Starting Servlet engine: [Apache Tomcat/10.1.10]
2023-07-07T00:12:41.363-03:00  INFO 32 --- [restartedMain] o.a.c.c.C.[Tomcat].[localhost].[/]       : Initializing Spring embedded WebApplicationContext
2023-07-07T00:12:41.365-03:00  INFO 32 --- [restartedMain] w.s.c.ServletWebServerApplicationContext : Root WebApplicationContext: initialization completed in 6872 ms
2023-07-07T00:12:42.082-03:00  INFO 32 --- [restartedMain] o.f.c.internal.license.VersionPrinter    : Flyway Community Edition 9.16.3 by Redgate
2023-07-07T00:12:42.082-03:00  INFO 32 --- [restartedMain] o.f.c.internal.license.VersionPrinter    : See release notes here: https://rd.gt/416ObMi
2023-07-07T00:12:42.083-03:00  INFO 32 --- [restartedMain] o.f.c.internal.license.VersionPrinter    : 
2023-07-07T00:12:42.113-03:00  INFO 32 --- [restartedMain] com.zaxxer.hikari.HikariDataSource       : HikariPool-1 - Starting...
2023-07-07T00:12:42.864-03:00  INFO 32 --- [restartedMain] com.zaxxer.hikari.pool.HikariPool        : HikariPool-1 - Added connection org.postgresql.jdbc.PgConnection@5f819229
2023-07-07T00:12:42.869-03:00  INFO 32 --- [restartedMain] com.zaxxer.hikari.HikariDataSource       : HikariPool-1 - Start completed.
2023-07-07T00:12:43.001-03:00  INFO 32 --- [restartedMain] o.f.c.i.database.base.BaseDatabaseType   : Database: jdbc:postgresql://localhost:5432/order-manager (PostgreSQL 15.3)
2023-07-07T00:12:43.243-03:00  INFO 32 --- [restartedMain] o.f.core.internal.command.DbValidate     : Successfully validated 1 migration (execution time 00:00.141s)
2023-07-07T00:12:43.503-03:00  INFO 32 --- [restartedMain] o.f.core.internal.command.DbMigrate      : Current version of schema "public": 1
2023-07-07T00:12:43.504-03:00  INFO 32 --- [restartedMain] o.f.core.internal.command.DbMigrate      : Schema "public" is up to date. No migration necessary.
2023-07-07T00:12:44.003-03:00  INFO 32 --- [restartedMain] o.hibernate.jpa.internal.util.LogHelper  : HHH000204: Processing PersistenceUnitInfo [name: default]
2023-07-07T00:12:44.319-03:00  INFO 32 --- [restartedMain] org.hibernate.Version                    : HHH000412: Hibernate ORM core version 6.2.5.Final
2023-07-07T00:12:44.332-03:00  INFO 32 --- [restartedMain] org.hibernate.cfg.Environment            : HHH000406: Using bytecode reflection optimizer
2023-07-07T00:12:45.365-03:00  INFO 32 --- [restartedMain] o.h.b.i.BytecodeProviderInitiator        : HHH000021: Bytecode provider name : bytebuddy
2023-07-07T00:12:45.986-03:00  INFO 32 --- [restartedMain] o.s.o.j.p.SpringPersistenceUnitInfo      : No LoadTimeWeaver setup: ignoring JPA class transformer
2023-07-07T00:12:47.093-03:00  INFO 32 --- [restartedMain] o.h.b.i.BytecodeProviderInitiator        : HHH000021: Bytecode provider name : bytebuddy
2023-07-07T00:12:49.229-03:00  INFO 32 --- [restartedMain] o.h.e.t.j.p.i.JtaPlatformInitiator       : HHH000490: Using JtaPlatform implementation: [org.hibernate.engine.transaction.jta.platform.internal.NoJtaPlatform]
2023-07-07T00:12:49.235-03:00  INFO 32 --- [restartedMain] j.LocalContainerEntityManagerFactoryBean : Initialized JPA EntityManagerFactory for persistence unit 'default'
2023-07-07T00:12:52.201-03:00  WARN 32 --- [restartedMain] JpaBaseConfiguration$JpaWebConfiguration : spring.jpa.open-in-view is enabled by default. Therefore, database queries may be performed during view rendering. Explicitly configure spring.jpa.open-in-view to disable this warning
2023-07-07T00:12:54.623-03:00  INFO 32 --- [restartedMain] o.s.b.d.a.OptionalLiveReloadServer       : LiveReload server is running on port 35729
2023-07-07T00:12:54.739-03:00  INFO 32 --- [restartedMain] o.s.b.w.embedded.tomcat.TomcatWebServer  : Tomcat started on port(s): 8080 (http) with context path ''
2023-07-07T00:12:54.771-03:00  INFO 32 --- [restartedMain] c.g.o.OrderManagerApplication            : Started OrderManagerApplication in 21.769 seconds (process running for 23.552)
2023-07-07T00:12:56.716-03:00  INFO 32 --- [http-nio-8080-exec-2] o.a.c.c.C.[Tomcat].[localhost].[/]       : Initializing Spring DispatcherServlet 'dispatcherServlet'
2023-07-07T00:12:56.717-03:00  INFO 32 --- [http-nio-8080-exec-2] o.s.web.servlet.DispatcherServlet        : Initializing Servlet 'dispatcherServlet'
2023-07-07T00:12:56.721-03:00  INFO 32 --- [http-nio-8080-exec-2] o.s.web.servlet.DispatcherServlet        : Completed initialization in 4 ms
2023-07-07T00:13:00.962-03:00  INFO 32 --- [http-nio-8080-exec-2] c.g.ordermanager.service.OrderService    : there isnt stock for this item
2023-07-07T00:13:00.963-03:00  INFO 32 --- [http-nio-8080-exec-2] c.g.ordermanager.service.OrderService    : order 6 created
2023-07-07T00:13:16.985-03:00  INFO 32 --- [http-nio-8080-exec-3] c.g.o.controller.OrderController         : getAllOrders() - start
2023-07-07T00:13:17.115-03:00  INFO 32 --- [http-nio-8080-exec-3] c.g.o.controller.OrderController         : getAllOrders() - end
2023-07-07T00:13:52.836-03:00  INFO 32 --- [http-nio-8080-exec-4] c.g.o.service.StockMovementService       : there are open orders of this item!
2023-07-07T00:13:52.847-03:00  INFO 32 --- [http-nio-8080-exec-4] c.g.o.service.StockMovementService       : stock movement 7 created
2023-07-07T00:13:55.732-03:00  INFO 32 --- [http-nio-8080-exec-5] c.g.o.service.StockMovementService       : there are open orders of this item!
2023-07-07T00:13:55.743-03:00  INFO 32 --- [http-nio-8080-exec-5] c.g.o.service.StockMovementService       : stock movement 8 created
2023-07-07T00:15:18.055-03:00 ERROR 32 --- [http-nio-8080-exec-6] c.g.ordermanager.service.OrderService    : error sending email to user: Authentication failed
2023-07-07T00:15:38.817-03:00  WARN 32 --- [HikariPool-1 housekeeper] com.zaxxer.hikari.pool.HikariPool        : HikariPool-1 - Thread starvation or clock leap detected (housekeeper delta=45s567ms95µs800ns).
2023-07-07T00:16:21.580-03:00  INFO 32 --- [http-nio-8080-exec-6] c.g.ordermanager.service.OrderService    : order 7 created
2023-07-07T00:17:08.415-03:00  INFO 32 --- [http-nio-8080-exec-7] c.g.o.controller.OrderController         : getAllOrders() - start
2023-07-07T00:17:08.433-03:00  INFO 32 --- [http-nio-8080-exec-7] c.g.o.controller.OrderController         : getAllOrders() - end
2023-07-07T00:17:19.145-03:00  INFO 32 --- [SpringApplicationShutdownHook] j.LocalContainerEntityManagerFactoryBean : Closing JPA EntityManagerFactory for persistence unit 'default'
2023-07-07T00:17:19.155-03:00  INFO 32 --- [SpringApplicationShutdownHook] com.zaxxer.hikari.HikariDataSource       : HikariPool-1 - Shutdown initiated...
2023-07-07T00:17:19.183-03:00  INFO 32 --- [SpringApplicationShutdownHook] com.zaxxer.hikari.HikariDataSource       : HikariPool-1 - Shutdown completed.
2023-07-07T00:21:00.671-03:00  INFO 13508 --- [restartedMain] c.g.o.OrderManagerApplication            : Starting OrderManagerApplication using Java 20.0.1 with PID 13508 (C:\Users\User\Documents\order-manager\target\classes started by User in C:\Users\User\Documents\order-manager)
2023-07-07T00:21:00.677-03:00  INFO 13508 --- [restartedMain] c.g.o.OrderManagerApplication            : No active profile set, falling back to 1 default profile: "default"
2023-07-07T00:21:00.914-03:00  INFO 13508 --- [restartedMain] .e.DevToolsPropertyDefaultsPostProcessor : Devtools property defaults active! Set 'spring.devtools.add-properties' to 'false' to disable
2023-07-07T00:21:00.914-03:00  INFO 13508 --- [restartedMain] .e.DevToolsPropertyDefaultsPostProcessor : For additional web related logging consider setting the 'logging.level.web' property to 'DEBUG'
2023-07-07T00:21:04.911-03:00  INFO 13508 --- [restartedMain] .s.d.r.c.RepositoryConfigurationDelegate : Bootstrapping Spring Data JPA repositories in DEFAULT mode.
2023-07-07T00:21:05.204-03:00  INFO 13508 --- [restartedMain] .s.d.r.c.RepositoryConfigurationDelegate : Finished Spring Data repository scanning in 258 ms. Found 5 JPA repository interfaces.
2023-07-07T00:21:08.948-03:00  INFO 13508 --- [restartedMain] o.s.b.w.embedded.tomcat.TomcatWebServer  : Tomcat initialized with port(s): 8080 (http)
2023-07-07T00:21:09.005-03:00  INFO 13508 --- [restartedMain] o.apache.catalina.core.StandardService   : Starting service [Tomcat]
2023-07-07T00:21:09.011-03:00  INFO 13508 --- [restartedMain] o.apache.catalina.core.StandardEngine    : Starting Servlet engine: [Apache Tomcat/10.1.10]
2023-07-07T00:21:09.370-03:00  INFO 13508 --- [restartedMain] o.a.c.c.C.[Tomcat].[localhost].[/]       : Initializing Spring embedded WebApplicationContext
2023-07-07T00:21:09.372-03:00  INFO 13508 --- [restartedMain] w.s.c.ServletWebServerApplicationContext : Root WebApplicationContext: initialization completed in 8456 ms
2023-07-07T00:21:10.124-03:00  INFO 13508 --- [restartedMain] o.f.c.internal.license.VersionPrinter    : Flyway Community Edition 9.16.3 by Redgate
2023-07-07T00:21:10.125-03:00  INFO 13508 --- [restartedMain] o.f.c.internal.license.VersionPrinter    : See release notes here: https://rd.gt/416ObMi
2023-07-07T00:21:10.126-03:00  INFO 13508 --- [restartedMain] o.f.c.internal.license.VersionPrinter    : 
2023-07-07T00:21:10.174-03:00  INFO 13508 --- [restartedMain] com.zaxxer.hikari.HikariDataSource       : HikariPool-1 - Starting...
2023-07-07T00:21:11.311-03:00  INFO 13508 --- [restartedMain] com.zaxxer.hikari.pool.HikariPool        : HikariPool-1 - Added connection org.postgresql.jdbc.PgConnection@7c5f6647
2023-07-07T00:21:11.549-03:00  INFO 13508 --- [restartedMain] com.zaxxer.hikari.HikariDataSource       : HikariPool-1 - Start completed.
2023-07-07T00:21:11.648-03:00  INFO 13508 --- [restartedMain] o.f.c.i.database.base.BaseDatabaseType   : Database: jdbc:postgresql://localhost:5432/order-manager (PostgreSQL 15.3)
2023-07-07T00:21:11.812-03:00  INFO 13508 --- [restartedMain] o.f.core.internal.command.DbValidate     : Successfully validated 1 migration (execution time 00:00.090s)
2023-07-07T00:21:12.063-03:00  INFO 13508 --- [restartedMain] o.f.core.internal.command.DbMigrate      : Current version of schema "public": 1
2023-07-07T00:21:12.064-03:00  INFO 13508 --- [restartedMain] o.f.core.internal.command.DbMigrate      : Schema "public" is up to date. No migration necessary.
2023-07-07T00:21:12.877-03:00  INFO 13508 --- [restartedMain] o.hibernate.jpa.internal.util.LogHelper  : HHH000204: Processing PersistenceUnitInfo [name: default]
2023-07-07T00:21:13.775-03:00  INFO 13508 --- [restartedMain] org.hibernate.Version                    : HHH000412: Hibernate ORM core version 6.2.5.Final
2023-07-07T00:21:13.781-03:00  INFO 13508 --- [restartedMain] org.hibernate.cfg.Environment            : HHH000406: Using bytecode reflection optimizer
2023-07-07T00:21:14.591-03:00  INFO 13508 --- [restartedMain] o.h.b.i.BytecodeProviderInitiator        : HHH000021: Bytecode provider name : bytebuddy
2023-07-07T00:21:15.488-03:00  INFO 13508 --- [restartedMain] o.s.o.j.p.SpringPersistenceUnitInfo      : No LoadTimeWeaver setup: ignoring JPA class transformer
2023-07-07T00:21:16.790-03:00  INFO 13508 --- [restartedMain] o.h.b.i.BytecodeProviderInitiator        : HHH000021: Bytecode provider name : bytebuddy
2023-07-07T00:21:20.174-03:00  INFO 13508 --- [restartedMain] o.h.e.t.j.p.i.JtaPlatformInitiator       : HHH000490: Using JtaPlatform implementation: [org.hibernate.engine.transaction.jta.platform.internal.NoJtaPlatform]
2023-07-07T00:21:20.186-03:00  INFO 13508 --- [restartedMain] j.LocalContainerEntityManagerFactoryBean : Initialized JPA EntityManagerFactory for persistence unit 'default'
2023-07-07T00:21:22.325-03:00  WARN 13508 --- [restartedMain] JpaBaseConfiguration$JpaWebConfiguration : spring.jpa.open-in-view is enabled by default. Therefore, database queries may be performed during view rendering. Explicitly configure spring.jpa.open-in-view to disable this warning
2023-07-07T00:21:26.058-03:00  INFO 13508 --- [restartedMain] o.s.b.d.a.OptionalLiveReloadServer       : LiveReload server is running on port 35729
2023-07-07T00:21:26.145-03:00  INFO 13508 --- [restartedMain] o.s.b.w.embedded.tomcat.TomcatWebServer  : Tomcat started on port(s): 8080 (http) with context path ''
2023-07-07T00:21:26.173-03:00  INFO 13508 --- [restartedMain] c.g.o.OrderManagerApplication            : Started OrderManagerApplication in 26.82 seconds (process running for 28.777)
2023-07-07T00:23:00.744-03:00  INFO 13508 --- [SpringApplicationShutdownHook] j.LocalContainerEntityManagerFactoryBean : Closing JPA EntityManagerFactory for persistence unit 'default'
2023-07-07T00:23:00.761-03:00  INFO 13508 --- [SpringApplicationShutdownHook] com.zaxxer.hikari.HikariDataSource       : HikariPool-1 - Shutdown initiated...
2023-07-07T00:23:00.823-03:00  INFO 13508 --- [SpringApplicationShutdownHook] com.zaxxer.hikari.HikariDataSource       : HikariPool-1 - Shutdown completed.
2023-07-07T00:23:15.474-03:00  INFO 16232 --- [restartedMain] c.g.o.OrderManagerApplication            : Starting OrderManagerApplication using Java 20.0.1 with PID 16232 (C:\Users\User\Documents\order-manager\target\classes started by User in C:\Users\User\Documents\order-manager)
2023-07-07T00:23:15.483-03:00  INFO 16232 --- [restartedMain] c.g.o.OrderManagerApplication            : No active profile set, falling back to 1 default profile: "default"
2023-07-07T00:23:15.699-03:00  INFO 16232 --- [restartedMain] .e.DevToolsPropertyDefaultsPostProcessor : Devtools property defaults active! Set 'spring.devtools.add-properties' to 'false' to disable
2023-07-07T00:23:15.700-03:00  INFO 16232 --- [restartedMain] .e.DevToolsPropertyDefaultsPostProcessor : For additional web related logging consider setting the 'logging.level.web' property to 'DEBUG'
2023-07-07T00:23:20.583-03:00  INFO 16232 --- [restartedMain] .s.d.r.c.RepositoryConfigurationDelegate : Bootstrapping Spring Data JPA repositories in DEFAULT mode.
2023-07-07T00:23:20.950-03:00  INFO 16232 --- [restartedMain] .s.d.r.c.RepositoryConfigurationDelegate : Finished Spring Data repository scanning in 330 ms. Found 5 JPA repository interfaces.
2023-07-07T00:23:24.875-03:00  INFO 16232 --- [restartedMain] o.s.b.w.embedded.tomcat.TomcatWebServer  : Tomcat initialized with port(s): 8080 (http)
2023-07-07T00:23:24.915-03:00  INFO 16232 --- [restartedMain] o.apache.catalina.core.StandardService   : Starting service [Tomcat]
2023-07-07T00:23:24.916-03:00  INFO 16232 --- [restartedMain] o.apache.catalina.core.StandardEngine    : Starting Servlet engine: [Apache Tomcat/10.1.10]
2023-07-07T00:23:25.464-03:00  INFO 16232 --- [restartedMain] o.a.c.c.C.[Tomcat].[localhost].[/]       : Initializing Spring embedded WebApplicationContext
2023-07-07T00:23:25.465-03:00  INFO 16232 --- [restartedMain] w.s.c.ServletWebServerApplicationContext : Root WebApplicationContext: initialization completed in 9760 ms
2023-07-07T00:23:27.655-03:00  INFO 16232 --- [restartedMain] o.f.c.internal.license.VersionPrinter    : Flyway Community Edition 9.16.3 by Redgate
2023-07-07T00:23:27.656-03:00  INFO 16232 --- [restartedMain] o.f.c.internal.license.VersionPrinter    : See release notes here: https://rd.gt/416ObMi
2023-07-07T00:23:27.656-03:00  INFO 16232 --- [restartedMain] o.f.c.internal.license.VersionPrinter    : 
2023-07-07T00:23:27.702-03:00  INFO 16232 --- [restartedMain] com.zaxxer.hikari.HikariDataSource       : HikariPool-1 - Starting...
2023-07-07T00:23:29.225-03:00  INFO 16232 --- [restartedMain] com.zaxxer.hikari.pool.HikariPool        : HikariPool-1 - Added connection org.postgresql.jdbc.PgConnection@5d84cb4b
2023-07-07T00:23:29.243-03:00  INFO 16232 --- [restartedMain] com.zaxxer.hikari.HikariDataSource       : HikariPool-1 - Start completed.
2023-07-07T00:23:29.363-03:00  INFO 16232 --- [restartedMain] o.f.c.i.database.base.BaseDatabaseType   : Database: jdbc:postgresql://localhost:5432/order-manager (PostgreSQL 15.3)
2023-07-07T00:23:29.732-03:00  INFO 16232 --- [restartedMain] o.f.core.internal.command.DbValidate     : Successfully validated 1 migration (execution time 00:00.096s)
2023-07-07T00:23:30.447-03:00  INFO 16232 --- [restartedMain] o.f.core.internal.command.DbMigrate      : Current version of schema "public": 1
2023-07-07T00:23:30.449-03:00  INFO 16232 --- [restartedMain] o.f.core.internal.command.DbMigrate      : Schema "public" is up to date. No migration necessary.
2023-07-07T00:23:31.750-03:00  INFO 16232 --- [restartedMain] o.hibernate.jpa.internal.util.LogHelper  : HHH000204: Processing PersistenceUnitInfo [name: default]
2023-07-07T00:23:32.584-03:00  INFO 16232 --- [restartedMain] org.hibernate.Version                    : HHH000412: Hibernate ORM core version 6.2.5.Final
2023-07-07T00:23:32.596-03:00  INFO 16232 --- [restartedMain] org.hibernate.cfg.Environment            : HHH000406: Using bytecode reflection optimizer
2023-07-07T00:23:34.323-03:00  INFO 16232 --- [restartedMain] o.h.b.i.BytecodeProviderInitiator        : HHH000021: Bytecode provider name : bytebuddy
2023-07-07T00:23:35.238-03:00  INFO 16232 --- [restartedMain] o.s.o.j.p.SpringPersistenceUnitInfo      : No LoadTimeWeaver setup: ignoring JPA class transformer
2023-07-07T00:23:36.745-03:00  INFO 16232 --- [restartedMain] o.h.b.i.BytecodeProviderInitiator        : HHH000021: Bytecode provider name : bytebuddy
2023-07-07T00:23:39.893-03:00  INFO 16232 --- [restartedMain] o.h.e.t.j.p.i.JtaPlatformInitiator       : HHH000490: Using JtaPlatform implementation: [org.hibernate.engine.transaction.jta.platform.internal.NoJtaPlatform]
2023-07-07T00:23:39.925-03:00  INFO 16232 --- [restartedMain] j.LocalContainerEntityManagerFactoryBean : Initialized JPA EntityManagerFactory for persistence unit 'default'
2023-07-07T00:23:43.186-03:00  WARN 16232 --- [restartedMain] JpaBaseConfiguration$JpaWebConfiguration : spring.jpa.open-in-view is enabled by default. Therefore, database queries may be performed during view rendering. Explicitly configure spring.jpa.open-in-view to disable this warning
2023-07-07T00:23:46.244-03:00  INFO 16232 --- [restartedMain] o.s.b.d.a.OptionalLiveReloadServer       : LiveReload server is running on port 35729
2023-07-07T00:23:46.382-03:00  INFO 16232 --- [restartedMain] o.s.b.w.embedded.tomcat.TomcatWebServer  : Tomcat started on port(s): 8080 (http) with context path ''
2023-07-07T00:23:46.416-03:00  INFO 16232 --- [restartedMain] c.g.o.OrderManagerApplication            : Started OrderManagerApplication in 32.329 seconds (process running for 34.053)
2023-07-07T00:26:16.378-03:00  INFO 16232 --- [http-nio-8080-exec-1] o.a.c.c.C.[Tomcat].[localhost].[/]       : Initializing Spring DispatcherServlet 'dispatcherServlet'
2023-07-07T00:26:16.379-03:00  INFO 16232 --- [http-nio-8080-exec-1] o.s.web.servlet.DispatcherServlet        : Initializing Servlet 'dispatcherServlet'
2023-07-07T00:26:16.385-03:00  INFO 16232 --- [http-nio-8080-exec-1] o.s.web.servlet.DispatcherServlet        : Completed initialization in 6 ms
2023-07-07T00:26:16.461-03:00  INFO 16232 --- [http-nio-8080-exec-1] c.g.o.c.OrderStockMovementController     : getAll() - start
2023-07-07T00:26:16.814-03:00  INFO 16232 --- [http-nio-8080-exec-1] c.g.o.c.OrderStockMovementController     : getAll() - end
2023-07-07T00:26:37.015-03:00  INFO 16232 --- [http-nio-8080-exec-2] c.g.o.c.OrderStockMovementController     : getByOrder() - start
2023-07-07T00:26:37.091-03:00  INFO 16232 --- [http-nio-8080-exec-2] c.g.o.c.OrderStockMovementController     : getByOrder() - end
2023-07-07T00:26:58.355-03:00  INFO 16232 --- [http-nio-8080-exec-3] c.g.o.c.OrderStockMovementController     : getByStockMovement() - start
2023-07-07T00:26:58.364-03:00  INFO 16232 --- [http-nio-8080-exec-3] c.g.o.c.OrderStockMovementController     : getByStockMovement() - end
2023-07-07T00:27:02.663-03:00  INFO 16232 --- [http-nio-8080-exec-4] c.g.o.c.OrderStockMovementController     : getByStockMovement() - start
2023-07-07T00:27:02.670-03:00  INFO 16232 --- [http-nio-8080-exec-4] c.g.o.c.OrderStockMovementController     : getByStockMovement() - end
2023-07-07T00:28:49.327-03:00  INFO 16232 --- [SpringApplicationShutdownHook] j.LocalContainerEntityManagerFactoryBean : Closing JPA EntityManagerFactory for persistence unit 'default'
2023-07-07T00:28:49.341-03:00  INFO 16232 --- [SpringApplicationShutdownHook] com.zaxxer.hikari.HikariDataSource       : HikariPool-1 - Shutdown initiated...
2023-07-07T00:28:49.360-03:00  INFO 16232 --- [SpringApplicationShutdownHook] com.zaxxer.hikari.HikariDataSource       : HikariPool-1 - Shutdown completed.
2023-07-07T00:36:41.018-03:00  INFO 11744 --- [restartedMain] c.g.o.OrderManagerApplication            : Starting OrderManagerApplication using Java 20.0.1 with PID 11744 (C:\Users\User\Documents\order-manager\target\classes started by User in C:\Users\User\Documents\order-manager)
2023-07-07T00:36:41.024-03:00  INFO 11744 --- [restartedMain] c.g.o.OrderManagerApplication            : No active profile set, falling back to 1 default profile: "default"
2023-07-07T00:36:41.193-03:00  INFO 11744 --- [restartedMain] .e.DevToolsPropertyDefaultsPostProcessor : Devtools property defaults active! Set 'spring.devtools.add-properties' to 'false' to disable
2023-07-07T00:36:41.194-03:00  INFO 11744 --- [restartedMain] .e.DevToolsPropertyDefaultsPostProcessor : For additional web related logging consider setting the 'logging.level.web' property to 'DEBUG'
2023-07-07T00:36:44.155-03:00  INFO 11744 --- [restartedMain] .s.d.r.c.RepositoryConfigurationDelegate : Bootstrapping Spring Data JPA repositories in DEFAULT mode.
2023-07-07T00:36:44.389-03:00  INFO 11744 --- [restartedMain] .s.d.r.c.RepositoryConfigurationDelegate : Finished Spring Data repository scanning in 210 ms. Found 5 JPA repository interfaces.
2023-07-07T00:36:47.231-03:00  INFO 11744 --- [restartedMain] o.s.b.w.embedded.tomcat.TomcatWebServer  : Tomcat initialized with port(s): 8080 (http)
2023-07-07T00:36:47.260-03:00  INFO 11744 --- [restartedMain] o.apache.catalina.core.StandardService   : Starting service [Tomcat]
2023-07-07T00:36:47.261-03:00  INFO 11744 --- [restartedMain] o.apache.catalina.core.StandardEngine    : Starting Servlet engine: [Apache Tomcat/10.1.10]
2023-07-07T00:36:47.608-03:00  INFO 11744 --- [restartedMain] o.a.c.c.C.[Tomcat].[localhost].[/]       : Initializing Spring embedded WebApplicationContext
2023-07-07T00:36:47.609-03:00  INFO 11744 --- [restartedMain] w.s.c.ServletWebServerApplicationContext : Root WebApplicationContext: initialization completed in 6414 ms
2023-07-07T00:36:48.239-03:00  INFO 11744 --- [restartedMain] o.f.c.internal.license.VersionPrinter    : Flyway Community Edition 9.16.3 by Redgate
2023-07-07T00:36:48.240-03:00  INFO 11744 --- [restartedMain] o.f.c.internal.license.VersionPrinter    : See release notes here: https://rd.gt/416ObMi
2023-07-07T00:36:48.240-03:00  INFO 11744 --- [restartedMain] o.f.c.internal.license.VersionPrinter    : 
2023-07-07T00:36:48.272-03:00  INFO 11744 --- [restartedMain] com.zaxxer.hikari.HikariDataSource       : HikariPool-1 - Starting...
2023-07-07T00:36:48.885-03:00  INFO 11744 --- [restartedMain] com.zaxxer.hikari.pool.HikariPool        : HikariPool-1 - Added connection org.postgresql.jdbc.PgConnection@bca6a4f
2023-07-07T00:36:48.889-03:00  INFO 11744 --- [restartedMain] com.zaxxer.hikari.HikariDataSource       : HikariPool-1 - Start completed.
2023-07-07T00:36:48.918-03:00  INFO 11744 --- [restartedMain] o.f.c.i.database.base.BaseDatabaseType   : Database: jdbc:postgresql://localhost:5432/order-manager (PostgreSQL 15.3)
2023-07-07T00:36:49.016-03:00  INFO 11744 --- [restartedMain] o.f.core.internal.command.DbValidate     : Successfully validated 1 migration (execution time 00:00.055s)
2023-07-07T00:36:49.159-03:00  INFO 11744 --- [restartedMain] o.f.core.internal.command.DbMigrate      : Current version of schema "public": 1
2023-07-07T00:36:49.161-03:00  INFO 11744 --- [restartedMain] o.f.core.internal.command.DbMigrate      : Schema "public" is up to date. No migration necessary.
2023-07-07T00:36:49.566-03:00  INFO 11744 --- [restartedMain] o.hibernate.jpa.internal.util.LogHelper  : HHH000204: Processing PersistenceUnitInfo [name: default]
2023-07-07T00:36:49.792-03:00  INFO 11744 --- [restartedMain] org.hibernate.Version                    : HHH000412: Hibernate ORM core version 6.2.5.Final
2023-07-07T00:36:49.826-03:00  INFO 11744 --- [restartedMain] org.hibernate.cfg.Environment            : HHH000406: Using bytecode reflection optimizer
2023-07-07T00:36:50.359-03:00  INFO 11744 --- [restartedMain] o.h.b.i.BytecodeProviderInitiator        : HHH000021: Bytecode provider name : bytebuddy
2023-07-07T00:36:50.865-03:00  INFO 11744 --- [restartedMain] o.s.o.j.p.SpringPersistenceUnitInfo      : No LoadTimeWeaver setup: ignoring JPA class transformer
2023-07-07T00:36:51.876-03:00  INFO 11744 --- [restartedMain] o.h.b.i.BytecodeProviderInitiator        : HHH000021: Bytecode provider name : bytebuddy
2023-07-07T00:36:53.720-03:00  INFO 11744 --- [restartedMain] o.h.e.t.j.p.i.JtaPlatformInitiator       : HHH000490: Using JtaPlatform implementation: [org.hibernate.engine.transaction.jta.platform.internal.NoJtaPlatform]
2023-07-07T00:36:53.729-03:00  INFO 11744 --- [restartedMain] j.LocalContainerEntityManagerFactoryBean : Initialized JPA EntityManagerFactory for persistence unit 'default'
2023-07-07T00:36:55.191-03:00  WARN 11744 --- [restartedMain] ConfigServletWebServerApplicationContext : Exception encountered during context initialization - cancelling refresh attempt: org.springframework.beans.factory.UnsatisfiedDependencyException: Error creating bean with name 'orderController' defined in file [C:\Users\User\Documents\order-manager\target\classes\com\geovane\ordermanager\controller\OrderController.class]: Unsatisfied dependency expressed through constructor parameter 0: Error creating bean with name 'orderService' defined in file [C:\Users\User\Documents\order-manager\target\classes\com\geovane\ordermanager\service\OrderService.class]: Unsatisfied dependency expressed through constructor parameter 3: Error creating bean with name 'emailService' defined in file [C:\Users\User\Documents\order-manager\target\classes\com\geovane\ordermanager\utils\EmailService.class]: Unsatisfied dependency expressed through constructor parameter 1: No qualifying bean of type 'java.lang.String' available: expected at least 1 bean which qualifies as autowire candidate. Dependency annotations: {}
2023-07-07T00:36:55.192-03:00  INFO 11744 --- [restartedMain] j.LocalContainerEntityManagerFactoryBean : Closing JPA EntityManagerFactory for persistence unit 'default'
2023-07-07T00:36:55.204-03:00  INFO 11744 --- [restartedMain] com.zaxxer.hikari.HikariDataSource       : HikariPool-1 - Shutdown initiated...
2023-07-07T00:36:55.230-03:00  INFO 11744 --- [restartedMain] com.zaxxer.hikari.HikariDataSource       : HikariPool-1 - Shutdown completed.
2023-07-07T00:36:55.238-03:00  INFO 11744 --- [restartedMain] o.apache.catalina.core.StandardService   : Stopping service [Tomcat]
2023-07-07T00:36:55.304-03:00  INFO 11744 --- [restartedMain] .s.b.a.l.ConditionEvaluationReportLogger : 

Error starting ApplicationContext. To display the condition evaluation report re-run your application with 'debug' enabled.
2023-07-07T00:36:55.442-03:00 ERROR 11744 --- [restartedMain] o.s.b.d.LoggingFailureAnalysisReporter   : 

***************************
APPLICATION FAILED TO START
***************************

Description:

Parameter 1 of constructor in com.geovane.ordermanager.utils.EmailService required a bean of type 'java.lang.String' that could not be found.


Action:

Consider defining a bean of type 'java.lang.String' in your configuration.

2023-07-07T00:39:03.529-03:00  INFO 8204 --- [restartedMain] c.g.o.OrderManagerApplication            : Starting OrderManagerApplication using Java 20.0.1 with PID 8204 (C:\Users\User\Documents\order-manager\target\classes started by User in C:\Users\User\Documents\order-manager)
2023-07-07T00:39:03.535-03:00  INFO 8204 --- [restartedMain] c.g.o.OrderManagerApplication            : No active profile set, falling back to 1 default profile: "default"
2023-07-07T00:39:03.708-03:00  INFO 8204 --- [restartedMain] .e.DevToolsPropertyDefaultsPostProcessor : Devtools property defaults active! Set 'spring.devtools.add-properties' to 'false' to disable
2023-07-07T00:39:03.708-03:00  INFO 8204 --- [restartedMain] .e.DevToolsPropertyDefaultsPostProcessor : For additional web related logging consider setting the 'logging.level.web' property to 'DEBUG'
2023-07-07T00:39:06.911-03:00  INFO 8204 --- [restartedMain] .s.d.r.c.RepositoryConfigurationDelegate : Bootstrapping Spring Data JPA repositories in DEFAULT mode.
2023-07-07T00:39:07.133-03:00  INFO 8204 --- [restartedMain] .s.d.r.c.RepositoryConfigurationDelegate : Finished Spring Data repository scanning in 198 ms. Found 5 JPA repository interfaces.
2023-07-07T00:39:09.938-03:00  INFO 8204 --- [restartedMain] o.s.b.w.embedded.tomcat.TomcatWebServer  : Tomcat initialized with port(s): 8080 (http)
2023-07-07T00:39:10.008-03:00  INFO 8204 --- [restartedMain] o.apache.catalina.core.StandardService   : Starting service [Tomcat]
2023-07-07T00:39:10.010-03:00  INFO 8204 --- [restartedMain] o.apache.catalina.core.StandardEngine    : Starting Servlet engine: [Apache Tomcat/10.1.10]
2023-07-07T00:39:10.253-03:00  INFO 8204 --- [restartedMain] o.a.c.c.C.[Tomcat].[localhost].[/]       : Initializing Spring embedded WebApplicationContext
2023-07-07T00:39:10.254-03:00  INFO 8204 --- [restartedMain] w.s.c.ServletWebServerApplicationContext : Root WebApplicationContext: initialization completed in 6544 ms
2023-07-07T00:39:10.800-03:00  INFO 8204 --- [restartedMain] o.f.c.internal.license.VersionPrinter    : Flyway Community Edition 9.16.3 by Redgate
2023-07-07T00:39:10.800-03:00  INFO 8204 --- [restartedMain] o.f.c.internal.license.VersionPrinter    : See release notes here: https://rd.gt/416ObMi
2023-07-07T00:39:10.801-03:00  INFO 8204 --- [restartedMain] o.f.c.internal.license.VersionPrinter    : 
2023-07-07T00:39:10.833-03:00  INFO 8204 --- [restartedMain] com.zaxxer.hikari.HikariDataSource       : HikariPool-1 - Starting...
2023-07-07T00:39:11.551-03:00  INFO 8204 --- [restartedMain] com.zaxxer.hikari.pool.HikariPool        : HikariPool-1 - Added connection org.postgresql.jdbc.PgConnection@5f819229
2023-07-07T00:39:11.557-03:00  INFO 8204 --- [restartedMain] com.zaxxer.hikari.HikariDataSource       : HikariPool-1 - Start completed.
2023-07-07T00:39:11.610-03:00  INFO 8204 --- [restartedMain] o.f.c.i.database.base.BaseDatabaseType   : Database: jdbc:postgresql://localhost:5432/order-manager (PostgreSQL 15.3)
2023-07-07T00:39:11.805-03:00  INFO 8204 --- [restartedMain] o.f.core.internal.command.DbValidate     : Successfully validated 1 migration (execution time 00:00.077s)
2023-07-07T00:39:12.125-03:00  INFO 8204 --- [restartedMain] o.f.core.internal.command.DbMigrate      : Current version of schema "public": 1
2023-07-07T00:39:12.127-03:00  INFO 8204 --- [restartedMain] o.f.core.internal.command.DbMigrate      : Schema "public" is up to date. No migration necessary.
2023-07-07T00:39:12.519-03:00  INFO 8204 --- [restartedMain] o.hibernate.jpa.internal.util.LogHelper  : HHH000204: Processing PersistenceUnitInfo [name: default]
2023-07-07T00:39:12.738-03:00  INFO 8204 --- [restartedMain] org.hibernate.Version                    : HHH000412: Hibernate ORM core version 6.2.5.Final
2023-07-07T00:39:12.746-03:00  INFO 8204 --- [restartedMain] org.hibernate.cfg.Environment            : HHH000406: Using bytecode reflection optimizer
2023-07-07T00:39:13.602-03:00  INFO 8204 --- [restartedMain] o.h.b.i.BytecodeProviderInitiator        : HHH000021: Bytecode provider name : bytebuddy
2023-07-07T00:39:14.603-03:00  INFO 8204 --- [restartedMain] o.s.o.j.p.SpringPersistenceUnitInfo      : No LoadTimeWeaver setup: ignoring JPA class transformer
2023-07-07T00:39:15.615-03:00  INFO 8204 --- [restartedMain] o.h.b.i.BytecodeProviderInitiator        : HHH000021: Bytecode provider name : bytebuddy
2023-07-07T00:39:17.675-03:00  INFO 8204 --- [restartedMain] o.h.e.t.j.p.i.JtaPlatformInitiator       : HHH000490: Using JtaPlatform implementation: [org.hibernate.engine.transaction.jta.platform.internal.NoJtaPlatform]
2023-07-07T00:39:17.683-03:00  INFO 8204 --- [restartedMain] j.LocalContainerEntityManagerFactoryBean : Initialized JPA EntityManagerFactory for persistence unit 'default'
2023-07-07T00:39:19.654-03:00  WARN 8204 --- [restartedMain] ConfigServletWebServerApplicationContext : Exception encountered during context initialization - cancelling refresh attempt: org.springframework.beans.factory.UnsatisfiedDependencyException: Error creating bean with name 'orderController' defined in file [C:\Users\User\Documents\order-manager\target\classes\com\geovane\ordermanager\controller\OrderController.class]: Unsatisfied dependency expressed through constructor parameter 0: Error creating bean with name 'orderService' defined in file [C:\Users\User\Documents\order-manager\target\classes\com\geovane\ordermanager\service\OrderService.class]: Unsatisfied dependency expressed through constructor parameter 3: Error creating bean with name 'emailService' defined in file [C:\Users\User\Documents\order-manager\target\classes\com\geovane\ordermanager\utils\EmailService.class]: Unsatisfied dependency expressed through constructor parameter 1: No qualifying bean of type 'java.lang.String' available: expected at least 1 bean which qualifies as autowire candidate. Dependency annotations: {}
2023-07-07T00:39:19.655-03:00  INFO 8204 --- [restartedMain] j.LocalContainerEntityManagerFactoryBean : Closing JPA EntityManagerFactory for persistence unit 'default'
2023-07-07T00:39:19.661-03:00  INFO 8204 --- [restartedMain] com.zaxxer.hikari.HikariDataSource       : HikariPool-1 - Shutdown initiated...
2023-07-07T00:39:19.683-03:00  INFO 8204 --- [restartedMain] com.zaxxer.hikari.HikariDataSource       : HikariPool-1 - Shutdown completed.
2023-07-07T00:39:19.689-03:00  INFO 8204 --- [restartedMain] o.apache.catalina.core.StandardService   : Stopping service [Tomcat]
2023-07-07T00:39:19.732-03:00  INFO 8204 --- [restartedMain] .s.b.a.l.ConditionEvaluationReportLogger : 

Error starting ApplicationContext. To display the condition evaluation report re-run your application with 'debug' enabled.
2023-07-07T00:39:19.809-03:00 ERROR 8204 --- [restartedMain] o.s.b.d.LoggingFailureAnalysisReporter   : 

***************************
APPLICATION FAILED TO START
***************************

Description:

Parameter 1 of constructor in com.geovane.ordermanager.utils.EmailService required a bean of type 'java.lang.String' that could not be found.


Action:

Consider defining a bean of type 'java.lang.String' in your configuration.

2023-07-07T00:40:17.562-03:00  INFO 18884 --- [restartedMain] c.g.o.OrderManagerApplication            : Starting OrderManagerApplication using Java 20.0.1 with PID 18884 (C:\Users\User\Documents\order-manager\target\classes started by User in C:\Users\User\Documents\order-manager)
2023-07-07T00:40:17.568-03:00  INFO 18884 --- [restartedMain] c.g.o.OrderManagerApplication            : No active profile set, falling back to 1 default profile: "default"
2023-07-07T00:40:17.724-03:00  INFO 18884 --- [restartedMain] .e.DevToolsPropertyDefaultsPostProcessor : Devtools property defaults active! Set 'spring.devtools.add-properties' to 'false' to disable
2023-07-07T00:40:17.724-03:00  INFO 18884 --- [restartedMain] .e.DevToolsPropertyDefaultsPostProcessor : For additional web related logging consider setting the 'logging.level.web' property to 'DEBUG'
2023-07-07T00:40:20.698-03:00  INFO 18884 --- [restartedMain] .s.d.r.c.RepositoryConfigurationDelegate : Bootstrapping Spring Data JPA repositories in DEFAULT mode.
2023-07-07T00:40:20.903-03:00  INFO 18884 --- [restartedMain] .s.d.r.c.RepositoryConfigurationDelegate : Finished Spring Data repository scanning in 182 ms. Found 5 JPA repository interfaces.
2023-07-07T00:40:23.543-03:00  INFO 18884 --- [restartedMain] o.s.b.w.embedded.tomcat.TomcatWebServer  : Tomcat initialized with port(s): 8080 (http)
2023-07-07T00:40:23.575-03:00  INFO 18884 --- [restartedMain] o.apache.catalina.core.StandardService   : Starting service [Tomcat]
2023-07-07T00:40:23.576-03:00  INFO 18884 --- [restartedMain] o.apache.catalina.core.StandardEngine    : Starting Servlet engine: [Apache Tomcat/10.1.10]
2023-07-07T00:40:23.824-03:00  INFO 18884 --- [restartedMain] o.a.c.c.C.[Tomcat].[localhost].[/]       : Initializing Spring embedded WebApplicationContext
2023-07-07T00:40:23.825-03:00  INFO 18884 --- [restartedMain] w.s.c.ServletWebServerApplicationContext : Root WebApplicationContext: initialization completed in 6099 ms
2023-07-07T00:40:24.388-03:00  INFO 18884 --- [restartedMain] o.f.c.internal.license.VersionPrinter    : Flyway Community Edition 9.16.3 by Redgate
2023-07-07T00:40:24.389-03:00  INFO 18884 --- [restartedMain] o.f.c.internal.license.VersionPrinter    : See release notes here: https://rd.gt/416ObMi
2023-07-07T00:40:24.389-03:00  INFO 18884 --- [restartedMain] o.f.c.internal.license.VersionPrinter    : 
2023-07-07T00:40:24.426-03:00  INFO 18884 --- [restartedMain] com.zaxxer.hikari.HikariDataSource       : HikariPool-1 - Starting...
2023-07-07T00:40:25.079-03:00  INFO 18884 --- [restartedMain] com.zaxxer.hikari.pool.HikariPool        : HikariPool-1 - Added connection org.postgresql.jdbc.PgConnection@7996daed
2023-07-07T00:40:25.084-03:00  INFO 18884 --- [restartedMain] com.zaxxer.hikari.HikariDataSource       : HikariPool-1 - Start completed.
2023-07-07T00:40:25.119-03:00  INFO 18884 --- [restartedMain] o.f.c.i.database.base.BaseDatabaseType   : Database: jdbc:postgresql://localhost:5432/order-manager (PostgreSQL 15.3)
2023-07-07T00:40:25.244-03:00  INFO 18884 --- [restartedMain] o.f.core.internal.command.DbValidate     : Successfully validated 1 migration (execution time 00:00.068s)
2023-07-07T00:40:25.444-03:00  INFO 18884 --- [restartedMain] o.f.core.internal.command.DbMigrate      : Current version of schema "public": 1
2023-07-07T00:40:25.449-03:00  INFO 18884 --- [restartedMain] o.f.core.internal.command.DbMigrate      : Schema "public" is up to date. No migration necessary.
2023-07-07T00:40:25.986-03:00  INFO 18884 --- [restartedMain] o.hibernate.jpa.internal.util.LogHelper  : HHH000204: Processing PersistenceUnitInfo [name: default]
2023-07-07T00:40:26.216-03:00  INFO 18884 --- [restartedMain] org.hibernate.Version                    : HHH000412: Hibernate ORM core version 6.2.5.Final
2023-07-07T00:40:26.222-03:00  INFO 18884 --- [restartedMain] org.hibernate.cfg.Environment            : HHH000406: Using bytecode reflection optimizer
2023-07-07T00:40:27.028-03:00  INFO 18884 --- [restartedMain] o.h.b.i.BytecodeProviderInitiator        : HHH000021: Bytecode provider name : bytebuddy
2023-07-07T00:40:28.254-03:00  INFO 18884 --- [restartedMain] o.s.o.j.p.SpringPersistenceUnitInfo      : No LoadTimeWeaver setup: ignoring JPA class transformer
2023-07-07T00:40:29.957-03:00  INFO 18884 --- [restartedMain] o.h.b.i.BytecodeProviderInitiator        : HHH000021: Bytecode provider name : bytebuddy
2023-07-07T00:40:31.942-03:00  INFO 18884 --- [restartedMain] o.h.e.t.j.p.i.JtaPlatformInitiator       : HHH000490: Using JtaPlatform implementation: [org.hibernate.engine.transaction.jta.platform.internal.NoJtaPlatform]
2023-07-07T00:40:31.951-03:00  INFO 18884 --- [restartedMain] j.LocalContainerEntityManagerFactoryBean : Initialized JPA EntityManagerFactory for persistence unit 'default'
2023-07-07T00:40:33.630-03:00  WARN 18884 --- [restartedMain] JpaBaseConfiguration$JpaWebConfiguration : spring.jpa.open-in-view is enabled by default. Therefore, database queries may be performed during view rendering. Explicitly configure spring.jpa.open-in-view to disable this warning
2023-07-07T00:40:35.787-03:00  INFO 18884 --- [restartedMain] o.s.b.d.a.OptionalLiveReloadServer       : LiveReload server is running on port 35729
2023-07-07T00:40:35.883-03:00  INFO 18884 --- [restartedMain] o.s.b.w.embedded.tomcat.TomcatWebServer  : Tomcat started on port(s): 8080 (http) with context path ''
2023-07-07T00:40:35.909-03:00  INFO 18884 --- [restartedMain] c.g.o.OrderManagerApplication            : Started OrderManagerApplication in 19.91 seconds (process running for 22.13)
2023-07-07T00:40:38.646-03:00  INFO 18884 --- [http-nio-8080-exec-1] o.a.c.c.C.[Tomcat].[localhost].[/]       : Initializing Spring DispatcherServlet 'dispatcherServlet'
2023-07-07T00:40:38.646-03:00  INFO 18884 --- [http-nio-8080-exec-1] o.s.web.servlet.DispatcherServlet        : Initializing Servlet 'dispatcherServlet'
2023-07-07T00:40:38.649-03:00  INFO 18884 --- [http-nio-8080-exec-1] o.s.web.servlet.DispatcherServlet        : Completed initialization in 1 ms
2023-07-07T00:40:38.727-03:00  INFO 18884 --- [http-nio-8080-exec-1] c.g.o.controller.OrderController         : getAllOrders() - start
2023-07-07T00:40:39.188-03:00  INFO 18884 --- [http-nio-8080-exec-1] c.g.o.controller.OrderController         : getAllOrders() - end
2023-07-07T00:40:42.102-03:00  INFO 18884 --- [SpringApplicationShutdownHook] j.LocalContainerEntityManagerFactoryBean : Closing JPA EntityManagerFactory for persistence unit 'default'
2023-07-07T00:40:42.146-03:00  INFO 18884 --- [SpringApplicationShutdownHook] com.zaxxer.hikari.HikariDataSource       : HikariPool-1 - Shutdown initiated...
2023-07-07T00:40:42.211-03:00  INFO 18884 --- [SpringApplicationShutdownHook] com.zaxxer.hikari.HikariDataSource       : HikariPool-1 - Shutdown completed.
